;  LST file generated by mikroListExporter - v.2.0 
; Date/Time: 11/09/2010 12:44:41 a.m.
;----------------------------------------------

;Address Opcode 	ASM
0x0000	0x294B      	GOTO       331
_Delay_1us:
;__Lib_Delays.c,7 :: 		void Delay_1us() {
;__Lib_Delays.c,8 :: 		Delay_us(1);
0x0003	0x0000      	NOP
;__Lib_Delays.c,9 :: 		}
L_end_Delay_1us:
0x0004	0x0008      	RETURN
; end of _Delay_1us
_Delay_50us:
;__Lib_Delays.c,19 :: 		void Delay_50us() {
;__Lib_Delays.c,20 :: 		Delay_us(50);
0x0005	0x3010      	MOVLW      16
0x0006	0x1283      	BCF        STATUS, 5
0x0007	0x1303      	BCF        STATUS, 6
0x0008	0x00FD      	MOVWF      R13
L_Delay_50us2:
0x0009	0x0BFD      	DECFSZ     R13, 1
0x000A	0x2809      	GOTO       L_Delay_50us2
0x000B	0x0000      	NOP
;__Lib_Delays.c,21 :: 		}
L_end_Delay_50us:
0x000C	0x0008      	RETURN
; end of _Delay_50us
_Delay_5500us:
;__Lib_Delays.c,31 :: 		void Delay_5500us() {
;__Lib_Delays.c,32 :: 		Delay_us(5500);
0x000D	0x3008      	MOVLW      8
0x000E	0x1283      	BCF        STATUS, 5
0x000F	0x1303      	BCF        STATUS, 6
0x0010	0x00FC      	MOVWF      R12
0x0011	0x3023      	MOVLW      35
0x0012	0x00FD      	MOVWF      R13
L_Delay_5500us5:
0x0013	0x0BFD      	DECFSZ     R13, 1
0x0014	0x2813      	GOTO       L_Delay_5500us5
0x0015	0x0BFC      	DECFSZ     R12, 1
0x0016	0x2813      	GOTO       L_Delay_5500us5
;__Lib_Delays.c,33 :: 		}
L_end_Delay_5500us:
0x0017	0x0008      	RETURN
; end of _Delay_5500us
_Lcd_Cmd:
;__Lib_Lcd.c,18 :: 		
;__Lib_Lcd.c,20 :: 		
0x0018	0x1283      	BCF        STATUS, 5
0x0019	0x1303      	BCF        STATUS, 6
0x001A	0x1BBB      	BTFSC      FARG_Lcd_Cmd_out_char, 7
0x001B	0x281E      	GOTO       L__Lcd_Cmd21
0x001C	0x1185      	BCF        lcd_D7, BitPos(lcd_D7+0)
0x001D	0x281F      	GOTO       L__Lcd_Cmd22
L__Lcd_Cmd21:
0x001E	0x1585      	BSF        lcd_D7, BitPos(lcd_D7+0)
L__Lcd_Cmd22:
;__Lib_Lcd.c,21 :: 		
0x001F	0x1B3B      	BTFSC      FARG_Lcd_Cmd_out_char, 6
0x0020	0x2823      	GOTO       L__Lcd_Cmd23
0x0021	0x1105      	BCF        lcd_D6, BitPos(lcd_D6+0)
0x0022	0x2824      	GOTO       L__Lcd_Cmd24
L__Lcd_Cmd23:
0x0023	0x1505      	BSF        lcd_D6, BitPos(lcd_D6+0)
L__Lcd_Cmd24:
;__Lib_Lcd.c,22 :: 		
0x0024	0x1ABB      	BTFSC      FARG_Lcd_Cmd_out_char, 5
0x0025	0x2828      	GOTO       L__Lcd_Cmd25
0x0026	0x1085      	BCF        lcd_D5, BitPos(lcd_D5+0)
0x0027	0x2829      	GOTO       L__Lcd_Cmd26
L__Lcd_Cmd25:
0x0028	0x1485      	BSF        lcd_D5, BitPos(lcd_D5+0)
L__Lcd_Cmd26:
;__Lib_Lcd.c,23 :: 		
0x0029	0x1A3B      	BTFSC      FARG_Lcd_Cmd_out_char, 4
0x002A	0x282D      	GOTO       L__Lcd_Cmd27
0x002B	0x1005      	BCF        lcd_D4, BitPos(lcd_D4+0)
0x002C	0x282E      	GOTO       L__Lcd_Cmd28
L__Lcd_Cmd27:
0x002D	0x1405      	BSF        lcd_D4, BitPos(lcd_D4+0)
L__Lcd_Cmd28:
;__Lib_Lcd.c,25 :: 		
0x002E	0x1829      	BTFSC      __Lib_Lcd_cmd_status, BitPos(__Lib_Lcd_cmd_status+0)
0x002F	0x2832      	GOTO       L__Lcd_Cmd29
0x0030	0x1486      	BSF        lcd_RS, BitPos(lcd_RS+0)
0x0031	0x2833      	GOTO       L__Lcd_Cmd30
L__Lcd_Cmd29:
0x0032	0x1086      	BCF        lcd_RS, BitPos(lcd_RS+0)
L__Lcd_Cmd30:
;__Lib_Lcd.c,28 :: 		
0x0033	0x1406      	BSF        lcd_EN, BitPos(lcd_EN+0)
;__Lib_Lcd.c,29 :: 		
0x0034	0x2003      	CALL       _Delay_1us
;__Lib_Lcd.c,30 :: 		
0x0035	0x1006      	BCF        lcd_EN, BitPos(lcd_EN+0)
;__Lib_Lcd.c,33 :: 		
0x0036	0x19BB      	BTFSC      FARG_Lcd_Cmd_out_char, 3
0x0037	0x283A      	GOTO       L__Lcd_Cmd31
0x0038	0x1185      	BCF        lcd_D7, BitPos(lcd_D7+0)
0x0039	0x283B      	GOTO       L__Lcd_Cmd32
L__Lcd_Cmd31:
0x003A	0x1585      	BSF        lcd_D7, BitPos(lcd_D7+0)
L__Lcd_Cmd32:
;__Lib_Lcd.c,34 :: 		
0x003B	0x193B      	BTFSC      FARG_Lcd_Cmd_out_char, 2
0x003C	0x283F      	GOTO       L__Lcd_Cmd33
0x003D	0x1105      	BCF        lcd_D6, BitPos(lcd_D6+0)
0x003E	0x2840      	GOTO       L__Lcd_Cmd34
L__Lcd_Cmd33:
0x003F	0x1505      	BSF        lcd_D6, BitPos(lcd_D6+0)
L__Lcd_Cmd34:
;__Lib_Lcd.c,35 :: 		
0x0040	0x18BB      	BTFSC      FARG_Lcd_Cmd_out_char, 1
0x0041	0x2844      	GOTO       L__Lcd_Cmd35
0x0042	0x1085      	BCF        lcd_D5, BitPos(lcd_D5+0)
0x0043	0x2845      	GOTO       L__Lcd_Cmd36
L__Lcd_Cmd35:
0x0044	0x1485      	BSF        lcd_D5, BitPos(lcd_D5+0)
L__Lcd_Cmd36:
;__Lib_Lcd.c,36 :: 		
0x0045	0x183B      	BTFSC      FARG_Lcd_Cmd_out_char, 0
0x0046	0x2849      	GOTO       L__Lcd_Cmd37
0x0047	0x1005      	BCF        lcd_D4, BitPos(lcd_D4+0)
0x0048	0x284A      	GOTO       L__Lcd_Cmd38
L__Lcd_Cmd37:
0x0049	0x1405      	BSF        lcd_D4, BitPos(lcd_D4+0)
L__Lcd_Cmd38:
;__Lib_Lcd.c,38 :: 		
0x004A	0x1829      	BTFSC      __Lib_Lcd_cmd_status, BitPos(__Lib_Lcd_cmd_status+0)
0x004B	0x284E      	GOTO       L__Lcd_Cmd39
0x004C	0x1486      	BSF        lcd_RS, BitPos(lcd_RS+0)
0x004D	0x284F      	GOTO       L__Lcd_Cmd40
L__Lcd_Cmd39:
0x004E	0x1086      	BCF        lcd_RS, BitPos(lcd_RS+0)
L__Lcd_Cmd40:
;__Lib_Lcd.c,40 :: 		
0x004F	0x1406      	BSF        lcd_EN, BitPos(lcd_EN+0)
;__Lib_Lcd.c,41 :: 		
0x0050	0x2003      	CALL       _Delay_1us
;__Lib_Lcd.c,42 :: 		
0x0051	0x1006      	BCF        lcd_EN, BitPos(lcd_EN+0)
;__Lib_Lcd.c,44 :: 		
0x0052	0x1C29      	BTFSS      __Lib_Lcd_cmd_status, BitPos(__Lib_Lcd_cmd_status+0)
0x0053	0x2856      	GOTO       L_Lcd_Cmd0
;__Lib_Lcd.c,45 :: 		
0x0054	0x200D      	CALL       _Delay_5500us
0x0055	0x2857      	GOTO       L_Lcd_Cmd1
L_Lcd_Cmd0:
;__Lib_Lcd.c,47 :: 		
0x0056	0x2005      	CALL       _Delay_50us
L_Lcd_Cmd1:
;__Lib_Lcd.c,48 :: 		
L_end_Lcd_Cmd:
0x0057	0x0008      	RETURN
; end of _Lcd_Cmd
_____DoICP:
;__Lib_System.c,6 :: 		
;__Lib_System.c,9 :: 		
0x0058	0x1283      	BCF        STATUS, 5
0x0059	0x1303      	BCF        STATUS, 6
0x005A	0x082E      	MOVF       ___DoICPAddr+1, 0
0x005B	0x008A      	MOVWF      PCLATH
;__Lib_System.c,10 :: 		
0x005C	0x082D      	MOVF       ___DoICPAddr, 0
0x005D	0x0082      	MOVWF      PCL
;__Lib_System.c,12 :: 		
L_end_____DoICP:
0x005E	0x0008      	RETURN
; end of _____DoICP
_Lcd_Chr_CP:
;__Lib_Lcd.c,50 :: 		
;__Lib_Lcd.c,52 :: 		
0x005F	0x1283      	BCF        STATUS, 5
0x0060	0x1303      	BCF        STATUS, 6
0x0061	0x1029      	BCF        __Lib_Lcd_cmd_status, BitPos(__Lib_Lcd_cmd_status+0)
;__Lib_Lcd.c,53 :: 		
0x0062	0x083A      	MOVF       FARG_Lcd_Chr_CP_out_char, 0
0x0063	0x00BB      	MOVWF      FARG_Lcd_Cmd_out_char
0x0064	0x2018      	CALL       _Lcd_Cmd
;__Lib_Lcd.c,54 :: 		
0x0065	0x1429      	BSF        __Lib_Lcd_cmd_status, BitPos(__Lib_Lcd_cmd_status+0)
;__Lib_Lcd.c,55 :: 		
L_end_Lcd_Chr_CP:
0x0066	0x0008      	RETURN
; end of _Lcd_Chr_CP
_Div_16x16_U:
;__Lib_Math.c,215 :: 		
;__Lib_Math.c,222 :: 		
0x0067	0x1283      	BCF        STATUS, 5
;__Lib_Math.c,223 :: 		
0x0068	0x1303      	BCF        STATUS, 6
;__Lib_Math.c,224 :: 		
0x0069	0x01F8      	CLRF       R8
;__Lib_Math.c,225 :: 		
0x006A	0x01F9      	CLRF       R9
;__Lib_Math.c,226 :: 		
0x006B	0x3010      	MOVLW      16
;__Lib_Math.c,227 :: 		
0x006C	0x00FC      	MOVWF      R12
;__Lib_Math.c,228 :: 		
0x006D	0x0D71      	RLF        R1, 0
;__Lib_Math.c,229 :: 		
0x006E	0x0DF8      	RLF        R8, 1
;__Lib_Math.c,230 :: 		
0x006F	0x0DF9      	RLF        R9, 1
;__Lib_Math.c,231 :: 		
0x0070	0x0874      	MOVF       R4, 0
;__Lib_Math.c,232 :: 		
0x0071	0x02F8      	SUBWF      R8, 1
;__Lib_Math.c,233 :: 		
0x0072	0x0875      	MOVF       R5, 0
;__Lib_Math.c,234 :: 		
0x0073	0x1C03      	BTFSS      STATUS, 0
;__Lib_Math.c,235 :: 		
0x0074	0x0F75      	INCFSZ     R5, 0
;__Lib_Math.c,236 :: 		
0x0075	0x02F9      	SUBWF      R9, 1
;__Lib_Math.c,237 :: 		
0x0076	0x1803      	BTFSC      STATUS, 0
;__Lib_Math.c,238 :: 		
0x0077	0x287F      	GOTO       $+8
;__Lib_Math.c,239 :: 		
0x0078	0x0874      	MOVF       R4, 0
;__Lib_Math.c,240 :: 		
0x0079	0x07F8      	ADDWF      R8, 1
;__Lib_Math.c,241 :: 		
0x007A	0x0875      	MOVF       R5, 0
;__Lib_Math.c,242 :: 		
0x007B	0x1803      	BTFSC      STATUS, 0
;__Lib_Math.c,243 :: 		
0x007C	0x0F75      	INCFSZ     R5, 0
;__Lib_Math.c,244 :: 		
0x007D	0x07F9      	ADDWF      R9, 1
;__Lib_Math.c,245 :: 		
0x007E	0x1003      	BCF        STATUS, 0
;__Lib_Math.c,246 :: 		
0x007F	0x0DF0      	RLF        R0, 1
;__Lib_Math.c,247 :: 		
0x0080	0x0DF1      	RLF        R1, 1
;__Lib_Math.c,248 :: 		
0x0081	0x0BFC      	DECFSZ     R12, 1
;__Lib_Math.c,249 :: 		
0x0082	0x286D      	GOTO       $-21
;__Lib_Math.c,251 :: 		
L_end_Div_16x16_U:
0x0083	0x0008      	RETURN
; end of _Div_16x16_U
_Delay_22us:
;__Lib_Delays.c,15 :: 		void Delay_22us() {
;__Lib_Delays.c,16 :: 		Delay_us(22);
0x0084	0x3007      	MOVLW      7
0x0085	0x1283      	BCF        STATUS, 5
0x0086	0x1303      	BCF        STATUS, 6
0x0087	0x00FD      	MOVWF      R13
L_Delay_22us1:
0x0088	0x0BFD      	DECFSZ     R13, 1
0x0089	0x2888      	GOTO       L_Delay_22us1
;__Lib_Delays.c,17 :: 		}
L_end_Delay_22us:
0x008A	0x0008      	RETURN
; end of _Delay_22us
_WordToStr:
;__Lib_Conversions.c,84 :: 		
;__Lib_Conversions.c,89 :: 		
0x008B	0x1283      	BCF        STATUS, 5
0x008C	0x1303      	BCF        STATUS, 6
0x008D	0x01B8      	CLRF       WordToStr_len_L0
L_WordToStr6:
0x008E	0x3005      	MOVLW      5
0x008F	0x0238      	SUBWF      WordToStr_len_L0, 0
0x0090	0x1803      	BTFSC      STATUS, 0
0x0091	0x2899      	GOTO       L_WordToStr7
;__Lib_Conversions.c,90 :: 		
0x0092	0x0838      	MOVF       WordToStr_len_L0, 0
0x0093	0x0737      	ADDWF      FARG_WordToStr_output, 0
0x0094	0x0084      	MOVWF      FSR
0x0095	0x3020      	MOVLW      32
0x0096	0x0080      	MOVWF      INDF
;__Lib_Conversions.c,89 :: 		
0x0097	0x0AB8      	INCF       WordToStr_len_L0, 1
;__Lib_Conversions.c,90 :: 		
0x0098	0x288E      	GOTO       L_WordToStr6
L_WordToStr7:
;__Lib_Conversions.c,91 :: 		
0x0099	0x0838      	MOVF       WordToStr_len_L0, 0
0x009A	0x0737      	ADDWF      FARG_WordToStr_output, 0
0x009B	0x0084      	MOVWF      FSR
0x009C	0x0180      	CLRF       INDF
0x009D	0x03B8      	DECF       WordToStr_len_L0, 1
;__Lib_Conversions.c,93 :: 		
L_WordToStr9:
;__Lib_Conversions.c,94 :: 		
0x009E	0x0838      	MOVF       WordToStr_len_L0, 0
0x009F	0x0737      	ADDWF      FARG_WordToStr_output, 0
0x00A0	0x00B9      	MOVWF      FLOC__WordToStr
0x00A1	0x300A      	MOVLW      10
0x00A2	0x00F4      	MOVWF      R4
0x00A3	0x01F5      	CLRF       R4+1
0x00A4	0x0835      	MOVF       FARG_WordToStr_input, 0
0x00A5	0x00F0      	MOVWF      R0
0x00A6	0x0836      	MOVF       FARG_WordToStr_input+1, 0
0x00A7	0x00F1      	MOVWF      R0+1
0x00A8	0x2067      	CALL       _Div_16x16_U
0x00A9	0x0878      	MOVF       R8, 0
0x00AA	0x00F0      	MOVWF      R0
0x00AB	0x0879      	MOVF       R8+1, 0
0x00AC	0x00F1      	MOVWF      R0+1
0x00AD	0x3030      	MOVLW      48
0x00AE	0x07F0      	ADDWF      R0, 1
0x00AF	0x0839      	MOVF       FLOC__WordToStr, 0
0x00B0	0x0084      	MOVWF      FSR
0x00B1	0x0870      	MOVF       R0, 0
0x00B2	0x0080      	MOVWF      INDF
;__Lib_Conversions.c,95 :: 		
0x00B3	0x300A      	MOVLW      10
0x00B4	0x00F4      	MOVWF      R4
0x00B5	0x01F5      	CLRF       R4+1
0x00B6	0x0835      	MOVF       FARG_WordToStr_input, 0
0x00B7	0x00F0      	MOVWF      R0
0x00B8	0x0836      	MOVF       FARG_WordToStr_input+1, 0
0x00B9	0x00F1      	MOVWF      R0+1
0x00BA	0x2067      	CALL       _Div_16x16_U
0x00BB	0x0870      	MOVF       R0, 0
0x00BC	0x00B5      	MOVWF      FARG_WordToStr_input
0x00BD	0x0871      	MOVF       R0+1, 0
0x00BE	0x00B6      	MOVWF      FARG_WordToStr_input+1
;__Lib_Conversions.c,96 :: 		
0x00BF	0x3000      	MOVLW      0
0x00C0	0x0671      	XORWF      R0+1, 0
0x00C1	0x1D03      	BTFSS      STATUS, 2
0x00C2	0x28C5      	GOTO       L__WordToStr109
0x00C3	0x3000      	MOVLW      0
0x00C4	0x0670      	XORWF      R0, 0
L__WordToStr109:
0x00C5	0x1D03      	BTFSS      STATUS, 2
0x00C6	0x28C8      	GOTO       L_WordToStr11
;__Lib_Conversions.c,97 :: 		
0x00C7	0x28CA      	GOTO       L_WordToStr10
L_WordToStr11:
;__Lib_Conversions.c,98 :: 		
0x00C8	0x03B8      	DECF       WordToStr_len_L0, 1
;__Lib_Conversions.c,99 :: 		
0x00C9	0x289E      	GOTO       L_WordToStr9
L_WordToStr10:
;__Lib_Conversions.c,100 :: 		
L_end_WordToStr:
0x00CA	0x0008      	RETURN
; end of _WordToStr
_Lcd_Out:
;__Lib_Lcd.c,184 :: 		
;__Lib_Lcd.c,187 :: 		
0x00CB	0x28DD      	GOTO       L_Lcd_Out11
;__Lib_Lcd.c,188 :: 		
L_Lcd_Out13:
0x00CC	0x3080      	MOVLW      128
0x00CD	0x1283      	BCF        STATUS, 5
0x00CE	0x1303      	BCF        STATUS, 6
0x00CF	0x00B5      	MOVWF      FARG_Lcd_Out_row
0x00D0	0x28F0      	GOTO       L_Lcd_Out12
;__Lib_Lcd.c,189 :: 		
L_Lcd_Out14:
0x00D1	0x30C0      	MOVLW      192
0x00D2	0x00B5      	MOVWF      FARG_Lcd_Out_row
0x00D3	0x28F0      	GOTO       L_Lcd_Out12
;__Lib_Lcd.c,190 :: 		
L_Lcd_Out15:
0x00D4	0x3094      	MOVLW      148
0x00D5	0x00B5      	MOVWF      FARG_Lcd_Out_row
0x00D6	0x28F0      	GOTO       L_Lcd_Out12
;__Lib_Lcd.c,191 :: 		
L_Lcd_Out16:
0x00D7	0x30D4      	MOVLW      212
0x00D8	0x00B5      	MOVWF      FARG_Lcd_Out_row
0x00D9	0x28F0      	GOTO       L_Lcd_Out12
;__Lib_Lcd.c,192 :: 		
L_Lcd_Out17:
0x00DA	0x3080      	MOVLW      128
0x00DB	0x00B5      	MOVWF      FARG_Lcd_Out_row
;__Lib_Lcd.c,193 :: 		
0x00DC	0x28F0      	GOTO       L_Lcd_Out12
L_Lcd_Out11:
0x00DD	0x1283      	BCF        STATUS, 5
0x00DE	0x1303      	BCF        STATUS, 6
0x00DF	0x0835      	MOVF       FARG_Lcd_Out_row, 0
0x00E0	0x3A01      	XORLW      1
0x00E1	0x1903      	BTFSC      STATUS, 2
0x00E2	0x28CC      	GOTO       L_Lcd_Out13
0x00E3	0x0835      	MOVF       FARG_Lcd_Out_row, 0
0x00E4	0x3A02      	XORLW      2
0x00E5	0x1903      	BTFSC      STATUS, 2
0x00E6	0x28D1      	GOTO       L_Lcd_Out14
0x00E7	0x0835      	MOVF       FARG_Lcd_Out_row, 0
0x00E8	0x3A03      	XORLW      3
0x00E9	0x1903      	BTFSC      STATUS, 2
0x00EA	0x28D4      	GOTO       L_Lcd_Out15
0x00EB	0x0835      	MOVF       FARG_Lcd_Out_row, 0
0x00EC	0x3A04      	XORLW      4
0x00ED	0x1903      	BTFSC      STATUS, 2
0x00EE	0x28D7      	GOTO       L_Lcd_Out16
0x00EF	0x28DA      	GOTO       L_Lcd_Out17
L_Lcd_Out12:
;__Lib_Lcd.c,194 :: 		
0x00F0	0x0336      	DECF       FARG_Lcd_Out_column, 0
0x00F1	0x00F0      	MOVWF      R0
0x00F2	0x0835      	MOVF       FARG_Lcd_Out_row, 0
0x00F3	0x07F0      	ADDWF      R0, 1
0x00F4	0x0870      	MOVF       R0, 0
0x00F5	0x00B5      	MOVWF      FARG_Lcd_Out_row
;__Lib_Lcd.c,196 :: 		
0x00F6	0x0870      	MOVF       R0, 0
0x00F7	0x00BB      	MOVWF      FARG_Lcd_Cmd_out_char
0x00F8	0x2018      	CALL       _Lcd_Cmd
;__Lib_Lcd.c,197 :: 		
0x00F9	0x1029      	BCF        __Lib_Lcd_cmd_status, BitPos(__Lib_Lcd_cmd_status+0)
;__Lib_Lcd.c,198 :: 		
0x00FA	0x01B8      	CLRF       Lcd_Out_i_L0
;__Lib_Lcd.c,199 :: 		
L_Lcd_Out18:
0x00FB	0x0838      	MOVF       Lcd_Out_i_L0, 0
0x00FC	0x0737      	ADDWF      FARG_Lcd_Out_text, 0
0x00FD	0x0084      	MOVWF      FSR
0x00FE	0x0800      	MOVF       INDF, 0
0x00FF	0x1903      	BTFSC      STATUS, 2
0x0100	0x2909      	GOTO       L_Lcd_Out19
;__Lib_Lcd.c,200 :: 		
0x0101	0x0838      	MOVF       Lcd_Out_i_L0, 0
0x0102	0x0737      	ADDWF      FARG_Lcd_Out_text, 0
0x0103	0x0084      	MOVWF      FSR
0x0104	0x0800      	MOVF       INDF, 0
0x0105	0x00BA      	MOVWF      FARG_Lcd_Chr_CP_out_char
0x0106	0x205F      	CALL       _Lcd_Chr_CP
0x0107	0x0AB8      	INCF       Lcd_Out_i_L0, 1
0x0108	0x28FB      	GOTO       L_Lcd_Out18
L_Lcd_Out19:
;__Lib_Lcd.c,201 :: 		
0x0109	0x1429      	BSF        __Lib_Lcd_cmd_status, BitPos(__Lib_Lcd_cmd_status+0)
;__Lib_Lcd.c,202 :: 		
L_end_Lcd_Out:
0x010A	0x0008      	RETURN
; end of _Lcd_Out
_ADC_Read:
;__Lib_ADC_88X.c,55 :: 		
;__Lib_ADC_88X.c,57 :: 		
0x010B	0x30C3      	MOVLW      195
0x010C	0x1283      	BCF        STATUS, 5
0x010D	0x1303      	BCF        STATUS, 6
0x010E	0x059F      	ANDWF      ADCON0, 1
;__Lib_ADC_88X.c,61 :: 		
0x010F	0x30C0      	MOVLW      192
0x0110	0x009F      	MOVWF      ADCON0
;__Lib_ADC_88X.c,62 :: 		
0x0111	0x0835      	MOVF       FARG_ADC_Read_channel, 0
0x0112	0x00F0      	MOVWF      R0
0x0113	0x0DF0      	RLF        R0, 1
0x0114	0x1070      	BCF        R0, 0
0x0115	0x0DF0      	RLF        R0, 1
0x0116	0x1070      	BCF        R0, 0
0x0117	0x0870      	MOVF       R0, 0
0x0118	0x049F      	IORWF      ADCON0, 1
;__Lib_ADC_88X.c,63 :: 		
0x0119	0x1683      	BSF        STATUS, 5
0x011A	0x179F      	BSF        ADCON1, 7
;__Lib_ADC_88X.c,66 :: 		
0x011B	0x1283      	BCF        STATUS, 5
0x011C	0x141F      	BSF        ADCON0, 0
;__Lib_ADC_88X.c,69 :: 		
0x011D	0x2084      	CALL       _Delay_22us
;__Lib_ADC_88X.c,72 :: 		
0x011E	0x149F      	BSF        ADCON0, 1
;__Lib_ADC_88X.c,75 :: 		
L_ADC_Read2:
0x011F	0x1C9F      	BTFSS      ADCON0, 1
0x0120	0x2923      	GOTO       L_ADC_Read3
;__Lib_ADC_88X.c,76 :: 		
0x0121	0x0000      	NOP
0x0122	0x291F      	GOTO       L_ADC_Read2
L_ADC_Read3:
;__Lib_ADC_88X.c,79 :: 		
0x0123	0x101F      	BCF        ADCON0, 0
;__Lib_ADC_88X.c,82 :: 		
0x0124	0x081E      	MOVF       ADRESH, 0
0x0125	0x00F1      	MOVWF      R0+1
0x0126	0x01F0      	CLRF       R0
0x0127	0x1683      	BSF        STATUS, 5
0x0128	0x081E      	MOVF       ADRESL, 0
0x0129	0x04F0      	IORWF      R0, 1
0x012A	0x3000      	MOVLW      0
0x012B	0x04F1      	IORWF      R0+1, 1
;__Lib_ADC_88X.c,83 :: 		
L_end_ADC_Read:
0x012C	0x0008      	RETURN
; end of _ADC_Read
_ADC_Init:
;__Lib_ADC_88X.c,11 :: 		
;__Lib_ADC_88X.c,12 :: 		
0x012D	0x30FF      	MOVLW      _ADC_Get_Sample
0x012E	0x1283      	BCF        STATUS, 5
0x012F	0x1303      	BCF        STATUS, 6
0x0130	0x00AA      	MOVWF      _ADC_Get_Sample_Ptr
0x0131	0x30FF      	MOVLW      hi_addr(_ADC_Get_Sample)
0x0132	0x00AB      	MOVWF      _ADC_Get_Sample_Ptr+1
0x0133	0x30FF      	MOVLW      FARG_ADC_Get_Sample_channel
0x0134	0x00AC      	MOVWF      _ADC_Get_Sample_Ptr+2
0x0135	0x30FF      	MOVLW      hi_addr(FARG_ADC_Get_Sample_channel)
;__Lib_ADC_88X.c,14 :: 		
0x0136	0x30C3      	MOVLW      195
0x0137	0x059F      	ANDWF      ADCON0, 1
;__Lib_ADC_88X.c,18 :: 		
0x0138	0x30C0      	MOVLW      192
0x0139	0x009F      	MOVWF      ADCON0
;__Lib_ADC_88X.c,19 :: 		
0x013A	0x1683      	BSF        STATUS, 5
0x013B	0x179F      	BSF        ADCON1, 7
;__Lib_ADC_88X.c,22 :: 		
0x013C	0x1283      	BCF        STATUS, 5
0x013D	0x141F      	BSF        ADCON0, 0
;__Lib_ADC_88X.c,23 :: 		
L_end_ADC_Init:
0x013E	0x0008      	RETURN
; end of _ADC_Init
___CC2DW:
;__Lib_System.c,134 :: 		
;__Lib_System.c,137 :: 		
_CC2D_Loop1:
;__Lib_System.c,139 :: 		
0x013F	0x2058      	CALL       _____DoICP
0x0140	0x118A      	BCF        PCLATH, 3
0x0141	0x120A      	BCF        PCLATH, 4
;__Lib_System.c,141 :: 		
0x0142	0x0080      	MOVWF      INDF
;__Lib_System.c,142 :: 		
0x0143	0x0A84      	INCF       FSR, 1
;__Lib_System.c,143 :: 		
0x0144	0x0AAD      	INCF       ___DoICPAddr, 1
;__Lib_System.c,145 :: 		
0x0145	0x1903      	BTFSC      STATUS, 2
;__Lib_System.c,146 :: 		
0x0146	0x0AAE      	INCF       ___DoICPAddr+1, 1
;__Lib_System.c,147 :: 		
0x0147	0x03F0      	DECF       R0, 1
;__Lib_System.c,149 :: 		
0x0148	0x1D03      	BTFSS      STATUS, 2
;__Lib_System.c,150 :: 		
0x0149	0x293F      	GOTO       _CC2D_Loop1
;__Lib_System.c,152 :: 		
L_end___CC2DW:
0x014A	0x0008      	RETURN
; end of ___CC2DW
_main:
0x014B	0x304C      	MOVLW      76
0x014C	0x1283      	BCF        STATUS, 5
0x014D	0x1303      	BCF        STATUS, 6
0x014E	0x00A0      	MOVWF      ?lstr1_10Ej1
0x014F	0x3065      	MOVLW      101
0x0150	0x00A1      	MOVWF      33
0x0151	0x3063      	MOVLW      99
0x0152	0x00A2      	MOVWF      34
0x0153	0x3074      	MOVLW      116
0x0154	0x00A3      	MOVWF      35
0x0155	0x3075      	MOVLW      117
0x0156	0x00A4      	MOVWF      36
0x0157	0x3072      	MOVLW      114
0x0158	0x00A5      	MOVWF      37
0x0159	0x3061      	MOVLW      97
0x015A	0x00A6      	MOVWF      38
0x015B	0x303D      	MOVLW      61
0x015C	0x00A7      	MOVWF      39
0x015D	0x01A8      	CLRF       40
;10Ej1.c,17 :: 		void main()
;10Ej1.c,21 :: 		ANSELH=0X00;
0x015E	0x1683      	BSF        STATUS, 5
0x015F	0x1703      	BSF        STATUS, 6
0x0160	0x0189      	CLRF       ANSELH
;10Ej1.c,22 :: 		ANSEL=0B00000001;
0x0161	0x3001      	MOVLW      1
0x0162	0x0088      	MOVWF      ANSEL
;10Ej1.c,23 :: 		ADC_Init();
0x0163	0x212D      	CALL       _ADC_Init
;10Ej1.c,24 :: 		Lcd_Cmd(_LCD_CURSOR_OFF);
0x0164	0x300C      	MOVLW      12
0x0165	0x00BB      	MOVWF      FARG_Lcd_Cmd_out_char
0x0166	0x2018      	CALL       _Lcd_Cmd
;10Ej1.c,25 :: 		Lcd_Cmd(_LCD_CLEAR);
0x0167	0x3001      	MOVLW      1
0x0168	0x00BB      	MOVWF      FARG_Lcd_Cmd_out_char
0x0169	0x2018      	CALL       _Lcd_Cmd
;10Ej1.c,26 :: 		Lcd_Out(1,1,"Lectura=");
0x016A	0x3001      	MOVLW      1
0x016B	0x00B5      	MOVWF      FARG_Lcd_Out_row
0x016C	0x3001      	MOVLW      1
0x016D	0x00B6      	MOVWF      FARG_Lcd_Out_column
0x016E	0x3020      	MOVLW      ?lstr1_10Ej1
0x016F	0x00B7      	MOVWF      FARG_Lcd_Out_text
0x0170	0x20CB      	CALL       _Lcd_Out
;10Ej1.c,27 :: 		while(1)
L_main0:
;10Ej1.c,29 :: 		lectura=ADC_Read(LDR);
0x0171	0x300D      	MOVLW      13
0x0172	0x00B5      	MOVWF      FARG_ADC_Read_channel
0x0173	0x210B      	CALL       _ADC_Read
;10Ej1.c,30 :: 		WordToStr(lectura,clectura);
0x0174	0x0870      	MOVF       R0, 0
0x0175	0x1283      	BCF        STATUS, 5
0x0176	0x00B5      	MOVWF      FARG_WordToStr_input
0x0177	0x0871      	MOVF       R0+1, 0
0x0178	0x00B6      	MOVWF      FARG_WordToStr_input+1
0x0179	0x302F      	MOVLW      main_clectura_L0
0x017A	0x00B7      	MOVWF      FARG_WordToStr_output
0x017B	0x208B      	CALL       _WordToStr
;10Ej1.c,31 :: 		Lcd_Out(1,10,clectura);
0x017C	0x3001      	MOVLW      1
0x017D	0x00B5      	MOVWF      FARG_Lcd_Out_row
0x017E	0x300A      	MOVLW      10
0x017F	0x00B6      	MOVWF      FARG_Lcd_Out_column
0x0180	0x302F      	MOVLW      main_clectura_L0
0x0181	0x00B7      	MOVWF      FARG_Lcd_Out_text
0x0182	0x20CB      	CALL       _Lcd_Out
;10Ej1.c,32 :: 		delay_ms(250);
0x0183	0x3002      	MOVLW      2
0x0184	0x00FB      	MOVWF      R11
0x0185	0x3045      	MOVLW      69
0x0186	0x00FC      	MOVWF      R12
0x0187	0x30A9      	MOVLW      169
0x0188	0x00FD      	MOVWF      R13
L_main2:
0x0189	0x0BFD      	DECFSZ     R13, 1
0x018A	0x2989      	GOTO       L_main2
0x018B	0x0BFC      	DECFSZ     R12, 1
0x018C	0x2989      	GOTO       L_main2
0x018D	0x0BFB      	DECFSZ     R11, 1
0x018E	0x2989      	GOTO       L_main2
0x018F	0x0000      	NOP
0x0190	0x0000      	NOP
;10Ej1.c,33 :: 		}
0x0191	0x2971      	GOTO       L_main0
;10Ej1.c,34 :: 		}
L_end_main:
0x0192	0x2992      	GOTO       $+0
; end of _main
Symbol List:
//** Routines locations **
//ADDRESS    SIZE    PROCEDURE
//----------------------------------------------
0x0003       [2]    _Delay_1us
0x0005       [8]    _Delay_50us
0x000D      [11]    _Delay_5500us
0x0018      [64]    _Lcd_Cmd
0x0058       [7]    _____DoICP
0x005F       [8]    _Lcd_Chr_CP
0x0067      [29]    _Div_16x16_U
0x0084       [7]    _Delay_22us
0x008B      [64]    _WordToStr
0x00CB      [64]    _Lcd_Out
0x010B      [34]    _ADC_Read
0x012D      [18]    _ADC_Init
0x013F      [12]    ___CC2DW
0x014B      [72]    _main
//** Variables locations ** 
//ADDRESS    SIZE    VARIABLE
//----------------------------------------------
0x0000       [1]    INDF
0x0002       [1]    PCL
0x0003       [1]    STATUS
0x0004       [1]    FSR
0x0005       [0]    lcd_D4
0x0005       [0]    RA0_bit
0x0005       [0]    RA1_bit
0x0005       [0]    lcd_D7
0x0005       [0]    lcd_D6
0x0005       [0]    lcd_D5
0x0005       [0]    RA2_bit
0x0005       [0]    RA3_bit
0x0006       [0]    RB0_bit
0x0006       [0]    lcd_EN
0x0006       [0]    lcd_RS
0x0006       [0]    RB1_bit
0x000A       [1]    PCLATH
0x001E       [1]    ADRESH
0x001F       [1]    ADCON0
0x0020       [9]    ?lstr1_10Ej1
0x0029       [0]    __Lib_Lcd_cmd_status
0x002A       [3]    _ADC_Get_Sample_Ptr
0x002D       [2]    ___DoICPAddr
0x002F       [6]    main_clectura_L0
0x0035       [1]    FARG_Lcd_Out_row
0x0035       [2]    FARG_WordToStr_input
0x0035       [1]    FARG_ADC_Read_channel
0x0036       [1]    FARG_Lcd_Out_column
0x0037       [1]    FARG_Lcd_Out_text
0x0037       [1]    FARG_WordToStr_output
0x0038       [1]    WordToStr_len_L0
0x0038       [1]    Lcd_Out_i_L0
0x0039       [1]    FLOC__WordToStr
0x003A       [1]    FARG_Lcd_Chr_CP_out_char
0x003B       [1]    FARG_Lcd_Cmd_out_char
0x0070       [1]    R0
0x0071       [1]    R1
0x0072       [1]    R2
0x0073       [1]    R3
0x0074       [1]    R4
0x0075       [1]    R5
0x0076       [1]    R6
0x0077       [1]    R7
0x0078       [1]    R8
0x0079       [1]    R9
0x007A       [1]    R10
0x007B       [1]    R11
0x007C       [1]    R12
0x007D       [1]    R13
0x007E       [1]    R14
0x007F       [1]    R15
0x0085       [0]    TRISA1_bit
0x0085       [0]    TRISA0_bit
0x0085       [0]    TRISA3_bit
0x0085       [0]    TRISA2_bit
0x0086       [0]    TRISB1_bit
0x0086       [0]    TRISB0_bit
0x009E       [1]    ADRESL
0x009F       [1]    ADCON1
0x0188       [1]    ANSEL
0x0189       [1]    ANSELH
//** Label List: ** 
//----------------------------------------------
  L_main0
  L_main1
  L_main2
  L_end_main
  _main
  L_ADC_Get_Sample0
  L_ADC_Get_Sample1
  L_ADC_Read2
  L_ADC_Read3
  L_end_ADC_Init
  _ADC_Init
  L_end_ADC_Get_Sample
  _ADC_Get_Sample
  L_end_ADC_Read
  _ADC_Read
  L_ByteToStr0
  L_ByteToStr1
  L_ByteToStr2
  L_ByteToStr3
  L_ByteToStr4
  L_ByteToStr5
  L_WordToStr6
  L_WordToStr7
  L_WordToStr8
  L_WordToStr9
  L_WordToStr10
  L_WordToStr11
  L_WordToStrWithZeros12
  L_WordToStrWithZeros13
  L_WordToStrWithZeros14
  L_WordToStrWithZeros15
  L_WordToStrWithZeros16
  L_ShortToStr17
  L_ShortToStr18
  L_ShortToStr19
  L_ShortToStr20
  L_ShortToStr21
  L_ShortToStr22
  L_IntToStr23
  L_IntToStr24
  L_IntToStr25
  L_IntToStr26
  L_IntToStr27
  L_IntToStr28
  L_IntToStrWithZeros29
  L_IntToStrWithZeros30
  L_IntToStrWithZeros31
  L_IntToStrWithZeros32
  L_IntToStrWithZeros33
  L_IntToStrWithZeros34
  L_IntToStrWithZeros35
  L_IntToStrWithZeros36
  L_IntToStrWithZeros37
  L_LongWordToStr38
  L_LongWordToStr39
  L_LongWordToStr40
  L_LongWordToStr41
  L_LongWordToStr42
  L_LongWordToStr43
  L_LongWordToStrWithZeros44
  L_LongWordToStrWithZeros45
  L_LongWordToStrWithZeros46
  L_LongWordToStrWithZeros47
  L_LongWordToStrWithZeros48
  L_LongToStr49
  L_LongToStr50
  L_LongToStr51
  L_LongToStr52
  L_LongToStr53
  L_LongToStr54
  L_LongIntToStrWithZeros55
  L_LongIntToStrWithZeros56
  L_LongIntToStrWithZeros57
  L_LongIntToStrWithZeros58
  L_LongIntToStrWithZeros59
  L_LongIntToStrWithZeros60
  L_LongIntToStrWithZeros61
  L_LongIntToStrWithZeros62
  L_LongIntToStrWithZeros63
  L_Dec2Bcd64
  L_Dec2Bcd65
  L_Rtrim66
  L_Rtrim67
  L_Rtrim68
  L_Rtrim69
  L_Ltrim70
  L_Ltrim71
  L_Ltrim72
  L_Ltrim73
  L_Ltrim74
  L_Ltrim75
  L_FloatToStr76
  L_FloatToStr77
  L_FloatToStr78
  L_FloatToStr79
  L_FloatToStr80
  L_FloatToStr81
  L_FloatToStr82
  L_FloatToStr83
  L_FloatToStr84
  L_FloatToStr85
  L_FloatToStr86
  L_FloatToStr87
  L_FloatToStr88
  L_FloatToStr89
  L_FloatToStr90
  L_FloatToStr91
  L_FloatToStr92
  L_FloatToStr93
  L_FloatToStr94
  L_FloatToStr95
  L_FloatToStr96
  L_FloatToStr97
  L__Rtrim98
  L__Ltrim99
  L__FloatToStr100
  L_end_ByteToHex
  _ByteToHex
  L_end_ShortToHex
  _ShortToHex
  L_end_WordToHex
  _WordToHex
  L_end_IntToHex
  _IntToHex
  L_end_LongWordToHex
  _LongWordToHex
  L_end_LongIntToHex
  _LongIntToHex
  L_end_ByteToStr
  _ByteToStr
  L_end_WordToStr
  _WordToStr
  L__WordToStr109
  L_end_WordToStrWithZeros
  _WordToStrWithZeros
  L__WordToStrWithZeros111
  L_end_ShortToStr
  _ShortToStr
  L__ShortToStr113
  L_end_IntToStr
  _IntToStr
  L__IntToStr115
  L__IntToStr116
  L_end_IntToStrWithZeros
  _IntToStrWithZeros
  L__IntToStrWithZeros118
  L__IntToStrWithZeros119
  L__IntToStrWithZeros120
  L_end_LongWordToStr
  _LongWordToStr
  L__LongWordToStr122
  L__LongWordToStr123
  L_end_LongWordToStrWithZeros
  _LongWordToStrWithZeros
  L__LongWordToStrWithZeros125
  L_end_LongToStr
  _LongToStr
  L__LongToStr127
  L__LongToStr128
  L_end_LongIntToStrWithZeros
  _LongIntToStrWithZeros
  L__LongIntToStrWithZeros130
  L__LongIntToStrWithZeros131
  L__LongIntToStrWithZeros132
  L_end_Dec2Bcd
  _Dec2Bcd
  L_end_Bcd2Dec
  _Bcd2Dec
  L_end_Bcd2Dec16
  _Bcd2Dec16
  L__Bcd2Dec16136
  L__Bcd2Dec16137
  L_end_Dec2Bcd16
  _Dec2Bcd16
  L__Dec2Bcd16139
  L__Dec2Bcd16140
  L_end_Rtrim
  _Rtrim
  L_end_Ltrim
  _Ltrim
  L_end_FloatToStr
  _FloatToStr
  L__FloatToStr144
  L__FloatToStr145
  L__FloatToStr146
  L__FloatToStr147
  L__FloatToStr148
  L_Delay_10us0
  L_Delay_22us1
  L_Delay_50us2
  L_Delay_80us3
  L_Delay_500us4
  L_Delay_5500us5
  L_Delay_1ms6
  L_Delay_5ms7
  L_Delay_8ms8
  L_Delay_10ms9
  L_Delay_100ms10
  L_Delay_1sec11
  L_boot16_Delay_5ms12
  L_Delay_Cyc13
  L_Delay_Cyc14
  L_VDelay_ms15
  L_VDelay_ms16
  L_VDelay_ms17
  L_VDelay_Advanced_ms18
  L_VDelay_Advanced_ms19
  L_VDelay_Advanced_ms20
  L_end_Get_Fosc_kHz
  _Get_Fosc_kHz
  L_end_Delay_1us
  _Delay_1us
  L_end_Delay_10us
  _Delay_10us
  L_end_Delay_22us
  _Delay_22us
  L_end_Delay_50us
  _Delay_50us
  L_end_Delay_80us
  _Delay_80us
  L_end_Delay_500us
  _Delay_500us
  L_end_Delay_5500us
  _Delay_5500us
  L_end_Delay_1ms
  _Delay_1ms
  L_end_Delay_5ms
  _Delay_5ms
  L_end_Delay_8ms
  _Delay_8ms
  L_end_Delay_10ms
  _Delay_10ms
  L_end_Delay_100ms
  _Delay_100ms
  L_end_Delay_1sec
  _Delay_1sec
  L_end_boot16_Delay_5ms
  _boot16_Delay_5ms
  L_end_Delay_Cyc
  _Delay_Cyc
  L_end_VDelay_ms
  _VDelay_ms
  L__VDelay_ms38
  L__VDelay_ms39
  L__VDelay_ms40
  L_end_VDelay_Advanced_ms
  _VDelay_Advanced_ms
  L__VDelay_Advanced_ms42
  L__VDelay_Advanced_ms43
  L__VDelay_Advanced_ms44
  L_Lcd_Cmd0
  L_Lcd_Cmd1
  L_Lcd_Out_CP2
  L_Lcd_Out_CP3
  L_Lcd_Chr4
  L_Lcd_Chr5
  L_Lcd_Chr6
  L_Lcd_Chr7
  L_Lcd_Chr8
  L_Lcd_Chr9
  L_Lcd_Chr10
  L_Lcd_Out11
  L_Lcd_Out12
  L_Lcd_Out13
  L_Lcd_Out14
  L_Lcd_Out15
  L_Lcd_Out16
  L_Lcd_Out17
  L_Lcd_Out18
  L_Lcd_Out19
  L_end_Lcd_Cmd
  _Lcd_Cmd
  L__Lcd_Cmd21
  L__Lcd_Cmd22
  L__Lcd_Cmd23
  L__Lcd_Cmd24
  L__Lcd_Cmd25
  L__Lcd_Cmd26
  L__Lcd_Cmd27
  L__Lcd_Cmd28
  L__Lcd_Cmd29
  L__Lcd_Cmd30
  L__Lcd_Cmd31
  L__Lcd_Cmd32
  L__Lcd_Cmd33
  L__Lcd_Cmd34
  L__Lcd_Cmd35
  L__Lcd_Cmd36
  L__Lcd_Cmd37
  L__Lcd_Cmd38
  L__Lcd_Cmd39
  L__Lcd_Cmd40
  L_end_Lcd_Chr_CP
  _Lcd_Chr_CP
  L_end_Lcd_Out_CP
  _Lcd_Out_CP
  L_end_Lcd_Chr
  _Lcd_Chr
  L_end_Lcd_Init
  _Lcd_Init
  L_end_Lcd_Out
  _Lcd_Out
  L_Div_16x16_S0
  L_Div_16x16_S1
  LOOPS3232A
  SADD22LA
  SOK22LA
  SADD22L8
  SOK22L8
  LOOPS3232B
  SADD22LB
  SOK22LB
  SADD22L16
  SOK22L16
  LOOPS3232C
  SADD22LC
  SOK22LC
  SADD22L24
  SOK22L24
  LOOPS3232D
  SADD22LD
  SOK22LD
  SOK22L
  L_Div_32x32_S6
  L_Div_32x32_S7
  L_Div_32x32_S8
  L_Div_32x32_S9
  FXD3232S
  END_ALL
  CA3232S
  C3232SX
  C3232SX1
  C3232S
  C3232S2
  C3232SX4
  C3232SOK
  C3232SX3
  C3232SX2
  avoid_comfrem
  LOOPU3232A
  UADD22LA
  UOK22LA
  UADD22L8
  UOK22L8
  LOOPU3232B
  UADD22LB
  UOK22LB
  UADD22L16
  UOK22L16
  LOOPU3232C
  UADD22LC
  UOK22LC
  UADD22L24
  UOK22L24
  LOOPU3232D
  UADD22LD
  UOK22LD
  UOK22L
  _NEXT
  _EXIT2
  _LOOP
  _EXIT1
  _IF_FIRST
  _IF_SECOND
  _INVERCE_FIRST
  _MULT
  _INBERSE_SECOND
  _EXIT
  L_end_Mul_8x8_U
  _Mul_8x8_U
  L_end_Mul_16x16_U
  _Mul_16x16_U
  L_end_Div_8x8_U
  _Div_8x8_U
  L_end_Div_16x16_U
  _Div_16x16_U
  L_end_Mul_8x8_S
  _Mul_8x8_S
  L_end_Mul_16x16_S
  _Mul_16x16_S
  L_end_Div_16x16_S_L
  _Div_16x16_S_L
  L_end_Div_16x16_S
  _Div_16x16_S
  L_end_Div_8x8_S
  _Div_8x8_S
  L_end_SDIV3232L
  _SDIV3232L
  L_end_COMFREM
  _COMFREM
  L_end_Div_32x32_S
  _Div_32x32_S
  L_end_Div_32x32_U
  _Div_32x32_U
  L_end_Mul_32x32_U
  _Mul_32x32_U
  L_end_Mul_32x32_S
  _Mul_32x32_S
  L_loopCA2AWs
  L_CA2AWend
  _CCA2AW_Loop1
  L_loopCS2Ss
  L_CS2Send
  _CCS2S_Loop1
  L_CCS2Send
  L_loopFZinSWs
  L_FZinSend
  _CC2D_Loop1
  L_end_____DoICP
  _____DoICP
  L_end_____DoIFC
  _____DoIFC
  L_end___CA2AW
  ___CA2AW
  L_end___CCA2AW
  ___CCA2AW
  L_end___CS2S
  ___CS2S
  L_end___CCS2S
  ___CCS2S
  L_end___FZinS
  ___FZinS
  L_end___CC2DW
  ___CC2DW
  L_end_Swap
  _Swap
